Arguments: 
  /usr/local/bin/node /usr/local/Cellar/yarn/1.13.0/libexec/bin/yarn.js

PATH: 
  /Users/stique/.rvm/gems/ruby-2.2.1/bin:/Users/stique/.rvm/gems/ruby-2.2.1@global/bin:/Users/stique/.rvm/rubies/ruby-2.2.1/bin:/usr/local/bin:/usr/bin:/bin:/usr/sbin:/sbin:/Users/stique/.rvm/bin

Yarn version: 
  1.13.0

Node version: 
  10.19.0

Platform: 
  darwin x64

Trace: 
  SyntaxError: /www/single-spa-prototype/single-spa-root/package.json: Unexpected token / in JSON at position 1488
      at JSON.parse (<anonymous>)
      at /usr/local/Cellar/yarn/1.13.0/libexec/lib/cli.js:1625:59
      at Generator.next (<anonymous>)
      at step (/usr/local/Cellar/yarn/1.13.0/libexec/lib/cli.js:304:30)
      at /usr/local/Cellar/yarn/1.13.0/libexec/lib/cli.js:315:13

npm manifest: 
  {
    "name": "single-spa-prototype",
    "version": "0.2.1",
    "description": "Single-spa application example which imports registered applications from NPM packages and manages authentication features as login.",
    "main": "root-application.js",
    "scripts": {
      "serve": "webpack-dev-server",
      "start": "node server.js",
      "build": "webpack --config webpack.config.js -p",
      "heroku-postbuild": "npm run build",
      "lint": "eslint . --ext .js --fix",
      "test": "echo \"Error: no test specified\" && exit 1"
    },
    "repository": {
      "type": "git",
      "url": "git+https://github.com/jualoppaz/single-spa-login-example-with-npm-packages.git"
    },
    "author": "Juan Manuel López Pazos",
    "license": "MIT",
    "bugs": {
      "url": "https://github.com/jualoppaz/single-spa-login-example-with-npm-packages/issues"
    },
    "homepage": "https://github.com/jualoppaz/single-spa-login-example-with-npm-packages#readme",
    "dependencies": {
      "@babel/core": "7.8.3",
      "babel-eslint": "10.0.3",
      "babel-loader": "8.0.6",
      "bootstrap": "4.4.1",
      "bootstrap-vue": "2.2.2",
      "clean-webpack-plugin": "3.0.0",
      "copy-webpack-plugin": "5.1.1",
      "eslint": "6.8.0",
      "eslint-config-airbnb-base": "14.0.0",
      "eslint-loader": "3.0.3",
      "eslint-plugin-import": "2.20.1",
      "html-webpack-plugin": "3.2.0",
      "single-spa": "4.4.2",
      "single-spa-header-app": "git+https://github.com/stique/single-spa-header-app.git#0723ce4b073c3e31b94bb39f134d8128f5d10902",
      // "single-spa-filter-app": "0.1.0",
      // "single-spa-services-app": "0.1.1",
      "webpack": "4.41.5",
      "webpack-cli": "3.3.10",
      "webpack-dev-server": "3.10.1",
      "zone.js": "0.10.2"
    }
  }

yarn manifest: 
  No manifest

Lockfile: 
  No lockfile
